Arguments: 
  /opt/homebrew/Cellar/node/18.2.0/bin/node /opt/homebrew/Cellar/yarn/1.22.19/libexec/bin/yarn.js publish

PATH: 
  /opt/homebrew/bin:/usr/local/bin:/System/Cryptexes/App/usr/bin:/usr/bin:/bin:/usr/sbin:/sbin:/Library/Apple/usr/bin:/Users/leevan/github/tech-notes/node_modules/.bin:/Users/leevan/Library/Application Support/JetBrains/Toolbox/scripts

Yarn version: 
  1.22.19

Node version: 
  18.2.0

Platform: 
  darwin arm64

Trace: 
  Error: canceled
      at Interface.<anonymous> (/opt/homebrew/Cellar/yarn/1.22.19/libexec/lib/cli.js:137150:13)
      at Interface.emit (node:events:527:28)
      at [_ttyWrite] [as _ttyWrite] (node:internal/readline/interface:1123:18)
      at ReadStream.onkeypress (node:internal/readline/interface:272:20)
      at ReadStream.emit (node:events:527:28)
      at emitKeys (node:internal/readline/utils:358:14)
      at emitKeys.next (<anonymous>)
      at ReadStream.onData (node:internal/readline/emitKeypressEvents:64:36)
      at ReadStream.emit (node:events:527:28)
      at addChunk (node:internal/streams/readable:324:12)

npm manifest: 
  {
    "name": "leevan-tech-notes",
    "version": "0.1.1",
    "description": "",
    "repository": {
      "type": "git",
      "url": "https://github.com/baboleevan/tech-notes.git"
    },
    "author": "babboleevan <leevan@gmail.com>",
    "license": "ISC",
    "scripts": {
      "publish": "./publish.sh"
    },
    "dependencies": {},
    "devDependencies": {
      "grunt": "~0.4.1",
      "grunt-gitbook": "0.4.2",
      "grunt-gh-pages": "0.9.1",
      "grunt-contrib-clean": "~0.5.0",
      "grunt-http-server": "0.0.4"
    },
    "peerDependencies": {
      "grunt": "~0.4.1"
    }
  }

yarn manifest: 
  No manifest

Lockfile: 
  # THIS IS AN AUTOGENERATED FILE. DO NOT EDIT THIS FILE DIRECTLY.
  # yarn lockfile v1
  
  
  abbrev@1:
    version "1.1.1"
    resolved "https://registry.yarnpkg.com/abbrev/-/abbrev-1.1.1.tgz#f8f2c887ad10bf67f634f005b6987fed3179aac8"
    integrity sha512-nne9/IiQ/hzIhY6pdDnbBtz7DjPTKrY00P/zvPSm5pOFkl6xuGrGnXn/VtTNNfNtAfZ9/1RtehkszU9qcTii0Q==
  
  amdefine@>=0.0.4:
    version "1.0.1"
    resolved "https://registry.yarnpkg.com/amdefine/-/amdefine-1.0.1.tgz#4a5282ac164729e93619bcfd3ad151f817ce91f5"
    integrity sha512-S2Hw0TtNkMJhIabBwIojKL9YHO5T0n5eNqWJ7Lrlel/zDbftQpxpapi8tZs3X1HWa+u+QeydGmzzNU0m09+Rcg==
  
  "argparse@~ 0.1.11":
    version "0.1.16"
    resolved "https://registry.yarnpkg.com/argparse/-/argparse-0.1.16.tgz#cfd01e0fbba3d6caed049fbd758d40f65196f57c"
    integrity sha512-LjmC2dNpdn2L4UzyoaIr11ELYoLn37ZFy9zObrQFHsSuOepeUEMKnM8w5KL4Tnrp2gy88rRuQt6Ky8Bjml+Baw==
    dependencies:
      underscore "~1.7.0"
      underscore.string "~2.4.0"
  
  async@0.2.9:
    version "0.2.9"
    resolved "https://registry.yarnpkg.com/async/-/async-0.2.9.tgz#df63060fbf3d33286a76aaf6d55a2986d9ff8619"
    integrity sha512-OAtM6mexGteNKdU29wcUfRW+VuBr94A3hx9h9yzBnPaQAbKoW1ORd68XM4CCAOpdL5wlNFgO29hsY1TKv2vAKw==
  
  async@~0.1.22:
    version "0.1.22"
    resolved "https://registry.yarnpkg.com/async/-/async-0.1.22.tgz#0fc1aaa088a0e3ef0ebe2d8831bab0dcf8845061"
    integrity sha512-2tEzliJmf5fHNafNwQLJXUasGzQCVctvsNkXmnlELHwypU0p08/rHohYvkqKIjyXpx+0rkrYv6QbhJ+UF4QkBg==
  
  async@~0.2.6:
    version "0.2.10"
    resolved "https://registry.yarnpkg.com/async/-/async-0.2.10.tgz#b6bbe0b0674b9d719708ca38de8c237cb526c3d1"
    integrity sha512-eAkdoKxU6/LkKDBzLpT+t6Ff5EtfSF4wx1WfJiPEEV7WNLnDaRXk0oVysiEPm262roaachGexwUv94WhSgN5TQ==
  
  balanced-match@^1.0.0:
    version "1.0.2"
    resolved "https://registry.yarnpkg.com/balanced-match/-/balanced-match-1.0.2.tgz#e83e3a7e3f300b34cb9d87f615fa0cbf357690ee"
    integrity sha512-3oSeUO0TMV67hN1AmbXsK4yaqU7tjiHlbxRDZOpH0KW9+CeX4bRAaX0Anxt0tx2MrpRpWwQaPwIlISEJhYU5Pw==
  
  brace-expansion@^1.1.7:
    version "1.1.11"
    resolved "https://registry.yarnpkg.com/brace-expansion/-/brace-expansion-1.1.11.tgz#3c7fcbf529d87226f3d2f52b966ff5271eb441dd"
    integrity sha512-iCuPHDFgrHX7H2vEI/5xpz07zSHB00TpugqhmYtVmMO6518mCuRMoOYFldEBl0g187ufozdaHgWKcYFb61qGiA==
    dependencies:
      balanced-match "^1.0.0"
      concat-map "0.0.1"
  
  camelcase@^1.0.2:
    version "1.2.1"
    resolved "https://registry.yarnpkg.com/camelcase/-/camelcase-1.2.1.tgz#9bb5304d2e0b56698b2c758b08a3eaa9daa58a39"
    integrity sha512-wzLkDa4K/mzI1OSITC+DUyjgIl/ETNHE9QvYgy6J6Jvqyyz4C0Xfd+lQhb19sX2jMpZV4IssUn0VDVmglV+s4g==
  
  coffee-script@~1.3.3:
    version "1.3.3"
    resolved "https://registry.yarnpkg.com/coffee-script/-/coffee-script-1.3.3.tgz#150d6b4cb522894369efed6a2101c20bc7f4a4f4"
    integrity sha512-QjQ1T4BqyHv19k6XSfdhy/QLlIOhywz0ekBUCa9h71zYMJlfDTGan/Z1JXzYkZ6v8R+GhvL/p4FZPbPW8WNXlg==
  
  collections@~0.1.3:
    version "0.1.24"
    resolved "https://registry.yarnpkg.com/collections/-/collections-0.1.24.tgz#70f810c35784f3f3edfaa9cf262e64a50d9c908b"
    integrity sha512-a0XmxRxGSHtSFRh4oNzS7jTyBulEFIaxvH4Ey2DcQ1ueyq3e3B3JOxzzxnrnBKmgo0U3F2PRy7HkUgqszWrTSQ==
    dependencies:
      weak-map "1.0.0"
  
  colors@0.6.x, colors@~0.6.2:
    version "0.6.2"
    resolved "https://registry.yarnpkg.com/colors/-/colors-0.6.2.tgz#2423fe6678ac0c5dae8852e5d0e5be08c997abcc"
    integrity sha512-OsSVtHK8Ir8r3+Fxw/b4jS1ZLPXkV6ZxDRJQzeD7qo0SqMXWrHDM71DgYzPMHY8SFJ0Ao+nNU2p1MmwdzKqPrw==
  
  commander@2.2.0:
    version "2.2.0"
    resolved "https://registry.yarnpkg.com/commander/-/commander-2.2.0.tgz#175ad4b9317f3ff615f201c1e57224f55a3e91df"
    integrity sha512-U6hBkeIsoeE81B+yas9uVF4YYVcVoBCwb1e314VPyvVQubFwvnTAuc1oUQ6VuMPYUS4Rf1gzr0wTVLvs4sb5Pw==
  
  concat-map@0.0.1:
    version "0.0.1"
    resolved "https://registry.yarnpkg.com/concat-map/-/concat-map-0.0.1.tgz#d8a96bd77fd68df7793a73036a3ba0d5405d477b"
    integrity sha512-/Srv4dswyQNBfohGpz9o6Yb3Gz3SrUDqBH5rTuhGR7ahtlbYKnVxw2bCFMRljaA7EXHaXZ8wsHdodFvbkhKmqg==
  
  dateformat@1.0.2-1.2.3:
    version "1.0.2-1.2.3"
    resolved "https://registry.yarnpkg.com/dateformat/-/dateformat-1.0.2-1.2.3.tgz#b0220c02de98617433b72851cf47de3df2cdbee9"
    integrity sha512-AXvW8g7tO4ilk5HgOWeDmPi/ZPaCnMJ+9Cg1I3p19w6mcvAAXBuuGEXAxybC+Djj1PSZUiHUcyoYu7WneCX8gQ==
  
  debug@*:
    version "4.3.4"
    resolved "https://registry.yarnpkg.com/debug/-/debug-4.3.4.tgz#1319f6579357f2338d3337d2cdd4914bb5dcc865"
    integrity sha512-PRWFHuSU3eDtQJPvnNY7Jcket1j0t5OuOsFzPPzsekD52Zl8qUfFIPEiswXqIvHWGVHOgX+7G/vCNNhehwxfkQ==
    dependencies:
      ms "2.1.2"
  
  decamelize@^1.0.0:
    version "1.2.0"
    resolved "https://registry.yarnpkg.com/decamelize/-/decamelize-1.2.0.tgz#f6534d15148269b20352e7bee26f501f9a191290"
    integrity sha512-z2S+W9X73hAUUki+N+9Za2lBlun89zigOyGrsax+KUQ6wKW4ZoWpEYBkGhQjwAjjDCkWxhY0VKEhk8wzY7F5cA==
  
  ecstatic@0.4.x:
    version "0.4.13"
    resolved "https://registry.yarnpkg.com/ecstatic/-/ecstatic-0.4.13.tgz#9cb6eaffe211b9c84efb3f553cde2c3002717b29"
    integrity sha512-dIKJNQulD/Pi//s8H75KRH6gjK23v7E/ZyeW4ssfTMHgboIZiqGstOZZ4kGpeUomJCgZ9Qg8ub1fB2zYBM6cKw==
    dependencies:
      ent "0.0.x"
      mime "1.2.x"
      optimist "~0.3.5"
  
  ent@0.0.x:
    version "0.0.7"
    resolved "https://registry.yarnpkg.com/ent/-/ent-0.0.7.tgz#835d4e7f9e7a8d4921c692e9010ec976da5e9949"
    integrity sha512-jh1C3FuR/Ma6BiVNCNoOJ8RXQdX7Dmjx/NFUb+gOMJ0i42aLQfm/ZArI+rscmsK+vgryxMhhKryvFh5pQ/6xcw==
  
  "esprima@~ 1.0.2":
    version "1.0.4"
    resolved "https://registry.yarnpkg.com/esprima/-/esprima-1.0.4.tgz#9f557e08fc3b4d26ece9dd34f8fbf476b62585ad"
    integrity sha512-rp5dMKN8zEs9dfi9g0X1ClLmV//WRyk/R15mppFNICIFRG5P92VP7Z04p8pk++gABo9W2tY+kHyu6P1mEHgmTA==
  
  eventemitter2@~0.4.13:
    version "0.4.14"
    resolved "https://registry.yarnpkg.com/eventemitter2/-/eventemitter2-0.4.14.tgz#8f61b75cde012b2e9eb284d4545583b5643b61ab"
    integrity sha512-K7J4xq5xAD5jHsGM5ReWXRTFa3JRGofHiMcVgQ8PRwgWxzjHpMWCIzsmyf60+mh8KLsqYPcjUMa0AC4hd6lPyQ==
  
  exit@~0.1.1:
    version "0.1.2"
    resolved "https://registry.yarnpkg.com/exit/-/exit-0.1.2.tgz#0632638f8d877cc82107d30a0fff1a17cba1cd0c"
    integrity sha512-Zk/eNKV2zbjpKzrsQ+n1G6poVbErQxJ0LBOJXaKZ1EViLzH+hrLu9cdXI4zw9dBQJslwBEpbQ2P1oS7nDxs6jQ==
  
  findup-sync@~0.1.2:
    version "0.1.3"
    resolved "https://registry.yarnpkg.com/findup-sync/-/findup-sync-0.1.3.tgz#7f3e7a97b82392c653bf06589bd85190e93c3683"
    integrity sha512-yjftfYnF4ThYEvKEV/kEFR15dmtyXTAh3vQnzpJUoc7Naj5y1P0Ck7Zs1+Vroa00E3KT3IYsk756S+8WA5dNLw==
    dependencies:
      glob "~3.2.9"
      lodash "~2.4.1"
  
  fresh@~0.2.1:
    version "0.2.4"
    resolved "https://registry.yarnpkg.com/fresh/-/fresh-0.2.4.tgz#3582499206c9723714190edd74b4604feb4a614c"
    integrity sha512-mnBGgIFRNu54GtbkXy6+QKPYW/b5joAURorA8ELeJc/5BBNph6Go1NmHa9dt08ghFnhGuLenrUmNO8Za1CwEUQ==
  
  fs-extra@0.8.1:
    version "0.8.1"
    resolved "https://registry.yarnpkg.com/fs-extra/-/fs-extra-0.8.1.tgz#0e5779ffbfedf511bc755595c7f03c06d4b43e8d"
    integrity sha512-Akj5XDR7y7vvXJi9m7R9D7TCBk6tkdCSI9ot4FJ8ulBog14KyqCi/6JxXa4AU6P9YhEZWwmTQ6Bi5QUyYrFqWQ==
    dependencies:
      jsonfile "~1.1.0"
      mkdirp "0.3.x"
      ncp "~0.4.2"
      rimraf "~2.2.0"
  
  fs.realpath@^1.0.0:
    version "1.0.0"
    resolved "https://registry.yarnpkg.com/fs.realpath/-/fs.realpath-1.0.0.tgz#1504ad2523158caa40db4a2787cb01411994ea4f"
    integrity sha512-OO0pH2lK6a0hZnAdau5ItzHPI6pUlvI7jMVnxUQRtw4owF2wk8lOSabtGDCTP4Ggrg2MbGnWO9X8K1t4+fGMDw==
  
  fstream-ignore@0.0.7:
    version "0.0.7"
    resolved "https://registry.yarnpkg.com/fstream-ignore/-/fstream-ignore-0.0.7.tgz#eea3033f0c3728139de7b57ab1b0d6d89c353c63"
    integrity sha512-mW/Z+q9PM0YPYIGrKQxyAaau+3iAbmzjlYCyDV82kXcTlrN8nFcEYI9R2pDtiGGEGXiR5D7tcaPpar5vIq/iuQ==
    dependencies:
      fstream "~0.1.17"
      inherits "2"
      minimatch "~0.2.0"
  
  fstream@~0.1.17:
    version "0.1.31"
    resolved "https://registry.yarnpkg.com/fstream/-/fstream-0.1.31.tgz#7337f058fbbbbefa8c9f561a28cab0849202c988"
    integrity sha512-N1pLGEHoDyCoI8uMmPXJXhn238L4nk41iipXCrqs4Ss0ooYSr5sNj2ucMo5AqJVC4OaOa7IztpBhOaaYTGZVuA==
    dependencies:
      graceful-fs "~3.0.2"
      inherits "~2.0.0"
      mkdirp "0.5"
      rimraf "2"
  
  gaze@~0.5.1:
    version "0.5.2"
    resolved "https://registry.yarnpkg.com/gaze/-/gaze-0.5.2.tgz#40b709537d24d1d45767db5a908689dfe69ac44f"
    integrity sha512-3IWbXGkDDHFX8zIlNdfnmhvlSMhpBO6tDr4InB8fGku6dh/gjFPGNqcdsXJajZg05x9jRzXbL6gCnCnuMap4tw==
    dependencies:
      globule "~0.1.0"
  
  getobject@~0.1.0:
    version "0.1.0"
    resolved "https://registry.yarnpkg.com/getobject/-/getobject-0.1.0.tgz#047a449789fa160d018f5486ed91320b6ec7885c"
    integrity sha512-hIGEBfnHcZpWkXPsAVeVmpYDvfy/matVl03yOY91FPmnpCC12Lm5izNxCjO3lHAeO6uaTwMxu7g450Siknlhig==
  
  gitbook-plugin-mathjax@0.0.3:
    version "0.0.3"
    resolved "https://registry.yarnpkg.com/gitbook-plugin-mathjax/-/gitbook-plugin-mathjax-0.0.3.tgz#a931399270a70275d5e0b23a8b2288e4e7974cf7"
    integrity sha512-ibRTtpNBRe9OvBMRaPB07uJ85ldpr3Y2q5S4+0XABkeWfb/RIiS/HJhNttO3vR0QBe9Z5j1AmMZ+byImMDlDSw==
  
  gitbook-plugin-mixpanel@0.0.2:
    version "0.0.2"
    resolved "https://registry.yarnpkg.com/gitbook-plugin-mixpanel/-/gitbook-plugin-mixpanel-0.0.2.tgz#27caae003301c5cc14c7e17a2c50d7d089b57d10"
    integrity sha512-KfQxLpDNW64nPucf1O5D/D6eVRqU1j1TKdzawk59iTu5lZXQLGwTpNTL876liULLMcBPWKychb0mfz6NMBjfGA==
  
  gitbook-plugin@0.0.2:
    version "0.0.2"
    resolved "https://registry.yarnpkg.com/gitbook-plugin/-/gitbook-plugin-0.0.2.tgz#985464c60d3c9d5c4a2fa990149cfe879635df2f"
    integrity sha512-NdQmgbIzkShXaRzKtTl40AACKvjV5Fv/175x16BhZ/t+GDHAQVUOw7q28RJPesdw5G7r7aDbin9jzd0gPjukrw==
  
  gitbook@0.4.2:
    version "0.4.2"
    resolved "https://registry.yarnpkg.com/gitbook/-/gitbook-0.4.2.tgz#023b995777cdeb947f94f495bbdf0ea23990adb2"
    integrity sha512-BeZXhz0IiXs3fqS85nqGahe5hfOx0WUvIbo3EUzA3f9c7+Om8BQeHX4OGwGucWNDzG0um3PDhT0eyL2LEB9ytA==
    dependencies:
      commander "2.2.0"
      fs-extra "0.8.1"
      fstream-ignore "0.0.7"
      gaze "~0.5.1"
      gitbook-plugin "0.0.2"
      gitbook-plugin-mathjax "0.0.3"
      gitbook-plugin-mixpanel "0.0.2"
      highlight.js "8.0.0"
      lodash "2.4.1"
      lunr "0.5.2"
      marked "0.3.2"
      marked-text-renderer "0.0.1"
      q "1.0.1"
      resolve "0.6.3"
      semver "2.2.1"
      send "0.2.0"
      swig "1.3.2"
      tmp "0.0.23"
  
  glob@^7.1.3:
    version "7.2.3"
    resolved "https://registry.yarnpkg.com/glob/-/glob-7.2.3.tgz#b8df0fb802bbfa8e89bd1d938b4e16578ed44f2b"
    integrity sha512-nFR0zLpU2YCaRxwoCJvL6UvCH2JFyFVIvwTLsIf21AuHlMskA1hhTdk+LlYJtOlYt9v6dvszD2BGRqBL+iQK9Q==
    dependencies:
      fs.realpath "^1.0.0"
      inflight "^1.0.4"
      inherits "2"
      minimatch "^3.1.1"
      once "^1.3.0"
      path-is-absolute "^1.0.0"
  
  glob@~3.1.21:
    version "3.1.21"
    resolved "https://registry.yarnpkg.com/glob/-/glob-3.1.21.tgz#d29e0a055dea5138f4d07ed40e8982e83c2066cd"
    integrity sha512-ANhy2V2+tFpRajE3wN4DhkNQ08KDr0Ir1qL12/cUe5+a7STEK8jkW4onUYuY8/06qAFuT5je7mjAqzx0eKI2tQ==
    dependencies:
      graceful-fs "~1.2.0"
      inherits "1"
      minimatch "~0.2.11"
  
  glob@~3.2.9:
    version "3.2.11"
    resolved "https://registry.yarnpkg.com/glob/-/glob-3.2.11.tgz#4a973f635b9190f715d10987d5c00fd2815ebe3d"
    integrity sha512-hVb0zwEZwC1FXSKRPFTeOtN7AArJcJlI6ULGLtrstaswKNlrTJqAA+1lYlSUop4vjA423xlBzqfVS3iWGlqJ+g==
    dependencies:
      inherits "2"
      minimatch "0.3"
  
  globule@~0.1.0:
    version "0.1.0"
    resolved "https://registry.yarnpkg.com/globule/-/globule-0.1.0.tgz#d9c8edde1da79d125a151b79533b978676346ae5"
    integrity sha512-3eIcA2OjPCm4VvwIwZPzIxCVssA8HSpM2C6c6kK5ufJH4FGwWoyqL3In19uuX4oe+TwH3w2P1nQDmW56iehO4A==
    dependencies:
      glob "~3.1.21"
      lodash "~1.0.1"
      minimatch "~0.2.11"
  
  graceful-fs@2.0.1:
    version "2.0.1"
    resolved "https://registry.yarnpkg.com/graceful-fs/-/graceful-fs-2.0.1.tgz#7fd6e0a4837c35d0cc15330294d9584a3898cf84"
    integrity sha512-oJifEVPN+MOe0kEHBEF5ealVyB62w6iTwCINpkY7vA1lmEzDvq6UiotxvwWtke7fPrz5yM5y4rPwdLclgbDhOA==
  
  graceful-fs@~1.2.0:
    version "1.2.3"
    resolved "https://registry.yarnpkg.com/graceful-fs/-/graceful-fs-1.2.3.tgz#15a4806a57547cb2d2dbf27f42e89a8c3451b364"
    integrity sha512-iiTUZ5vZ+2ZV+h71XAgwCSu6+NAizhFU3Yw8aC/hH5SQ3SnISqEqAek40imAFGtDcwJKNhXvSY+hzIolnLwcdQ==
  
  graceful-fs@~3.0.2:
    version "3.0.12"
    resolved "https://registry.yarnpkg.com/graceful-fs/-/graceful-fs-3.0.12.tgz#0034947ce9ed695ec8ab0b854bc919e82b1ffaef"
    integrity sha512-J55gaCS4iTTJfTXIxSVw3EMQckcqkpdRv3IR7gu6sq0+tbC363Zx6KH/SEwXASK9JRbhyZmVjJEVJIOxYsB3Qg==
    dependencies:
      natives "^1.1.3"
  
  grunt-contrib-clean@~0.5.0:
    version "0.5.0"
    resolved "https://registry.yarnpkg.com/grunt-contrib-clean/-/grunt-contrib-clean-0.5.0.tgz#f53dfdee0849b1c7b40e9ebbba69f48c4c6079c5"
    integrity sha512-82I+O38BHP4rqxceareiDKnLnrSyGnyn6N9E6sUpBgCtxXgxMbJEBooSC7KtXhLO7im1QhoPp9FdSvTZ+k1bIw==
    dependencies:
      rimraf "~2.2.1"
  
  grunt-gh-pages@0.9.1:
    version "0.9.1"
    resolved "https://registry.yarnpkg.com/grunt-gh-pages/-/grunt-gh-pages-0.9.1.tgz#08b9a3d84939feea234e6684e43ff27f865dc3f4"
    integrity sha512-hw45ZiZ5I9iDUWj+4ejagU3UZt8+Rb3k7ZptoBzVsHiKOp3CEJhCrWntKpTHTMPZMue5z0X6AQcwKuMnrfyk8Q==
    dependencies:
      async "0.2.9"
      graceful-fs "2.0.1"
      q "0.9.3"
      q-io "1.6.5"
      wrench "1.5.1"
  
  grunt-gitbook@0.4.2:
    version "0.4.2"
    resolved "https://registry.yarnpkg.com/grunt-gitbook/-/grunt-gitbook-0.4.2.tgz#6c7a35ca80b29514d236a582e0a109bd41f279d2"
    integrity sha512-HDYbMVwz14tt0v+HlnkdaB9csaAWQXIl28O5RnyfMrJhcK58YIQeSIq3FSbsnmfYdpvYXW0nROdRFDJHjURzfQ==
    dependencies:
      gitbook "0.4.2"
  
  grunt-http-server@0.0.4:
    version "0.0.4"
    resolved "https://registry.yarnpkg.com/grunt-http-server/-/grunt-http-server-0.0.4.tgz#af84c97d2979102d70383699c41f64d524d17208"
    integrity sha512-WYCaLu+/Aa4bg5CXmYGLMLeu3iz2TfLIbCcpb1vAsNgHfivjVLpIViyaXPT49wT0s9elwuDpCu34tCkslTUsBQ==
    dependencies:
      http-server "0.6.0"
      lodash ">=1.3"
  
  grunt-legacy-log-utils@~0.1.1:
    version "0.1.1"
    resolved "https://registry.yarnpkg.com/grunt-legacy-log-utils/-/grunt-legacy-log-utils-0.1.1.tgz#c0706b9dd9064e116f36f23fe4e6b048672c0f7e"
    integrity sha512-D0vbUX00TFYCKNZtcZzemMpwT8TR/FdRs1pmfiBw6qnUw80PfsjV+lhIozY/3eJ3PSG2zj89wd2mH/7f4tNAlw==
    dependencies:
      colors "~0.6.2"
      lodash "~2.4.1"
      underscore.string "~2.3.3"
  
  grunt-legacy-log@~0.1.0:
    version "0.1.3"
    resolved "https://registry.yarnpkg.com/grunt-legacy-log/-/grunt-legacy-log-0.1.3.tgz#ec29426e803021af59029f87d2f9cd7335a05531"
    integrity sha512-qYs/uM0ImdzwIXLhS4O5WLV5soAM+PEqqHI/hzSxlo450ERSccEhnXqoeDA9ZozOdaWuYnzTOTwRcVRogleMxg==
    dependencies:
      colors "~0.6.2"
      grunt-legacy-log-utils "~0.1.1"
      hooker "~0.2.3"
      lodash "~2.4.1"
      underscore.string "~2.3.3"
  
  grunt-legacy-util@~0.2.0:
    version "0.2.0"
    resolved "https://registry.yarnpkg.com/grunt-legacy-util/-/grunt-legacy-util-0.2.0.tgz#93324884dbf7e37a9ff7c026dff451d94a9e554b"
    integrity sha512-cXPbfF8aM+pvveQeN1K872D5fRm30xfJWZiS63Y8W8oyIPLClCsmI8bW96Txqzac9cyL4lRqEBhbhJ3n5EzUUQ==
    dependencies:
      async "~0.1.22"
      exit "~0.1.1"
      getobject "~0.1.0"
      hooker "~0.2.3"
      lodash "~0.9.2"
      underscore.string "~2.2.1"
      which "~1.0.5"
  
  grunt@~0.4.1:
    version "0.4.5"
    resolved "https://registry.yarnpkg.com/grunt/-/grunt-0.4.5.tgz#56937cd5194324adff6d207631832a9d6ba4e7f0"
    integrity sha512-1iq3ylLjzXqz/KSq1OAE2qhnpcbkF2WyhsQcavZt+YmgvHu0EbPMEhGhy2gr0FP67isHpRdfwjB5WVeXXcJemQ==
    dependencies:
      async "~0.1.22"
      coffee-script "~1.3.3"
      colors "~0.6.2"
      dateformat "1.0.2-1.2.3"
      eventemitter2 "~0.4.13"
      exit "~0.1.1"
      findup-sync "~0.1.2"
      getobject "~0.1.0"
      glob "~3.1.21"
      grunt-legacy-log "~0.1.0"
      grunt-legacy-util "~0.2.0"
      hooker "~0.2.3"
      iconv-lite "~0.2.11"
      js-yaml "~2.0.5"
      lodash "~0.9.2"
      minimatch "~0.2.12"
      nopt "~1.0.10"
      rimraf "~2.2.8"
      underscore.string "~2.2.1"
      which "~1.0.5"
  
  highlight.js@8.0.0:
    version "8.0.0"
    resolved "https://registry.yarnpkg.com/highlight.js/-/highlight.js-8.0.0.tgz#b81db5be8e6f5c5029c40b66b473170cd3e0875a"
    integrity sha512-e3tCGUx5esC6tZrXtxne7tkH+pq5l+nXkmJYVMbh40MrPYUubke+hDlE6NoSJNJ8l34ATBPR3t/cpNAnqavjOA==
  
  hooker@~0.2.3:
    version "0.2.3"
    resolved "https://registry.yarnpkg.com/hooker/-/hooker-0.2.3.tgz#b834f723cc4a242aa65963459df6d984c5d3d959"
    integrity sha512-t+UerCsQviSymAInD01Pw+Dn/usmz1sRO+3Zk1+lx8eg+WKpD2ulcwWqHHL0+aseRBr+3+vIhiG1K1JTwaIcTA==
  
  http-server@0.6.0:
    version "0.6.0"
    resolved "https://registry.yarnpkg.com/http-server/-/http-server-0.6.0.tgz#bb37bef8c12a498396c0d71a0b5ac8dfa978d51e"
    integrity sha512-jgiUPCRRZdeY3eBqG1WdExPiIsIl70WsvT9BzZWM7JqG10MW2mIFhmpnY8wmg0xO8beyHDr+9aILIUEtyhSt7g==
    dependencies:
      colors "0.6.x"
      ecstatic "0.4.x"
      opener "~1.3.0"
      optimist "0.5.x"
      portfinder "0.2.x"
      union "0.3.x"
  
  iconv-lite@~0.2.11:
    version "0.2.11"
    resolved "https://registry.yarnpkg.com/iconv-lite/-/iconv-lite-0.2.11.tgz#1ce60a3a57864a292d1321ff4609ca4bb965adc8"
    integrity sha512-KhmFWgaQZY83Cbhi+ADInoUQ8Etn6BG5fikM9syeOjQltvR45h7cRKJ/9uvQEuD61I3Uju77yYce0/LhKVClQw==
  
  inflight@^1.0.4:
    version "1.0.6"
    resolved "https://registry.yarnpkg.com/inflight/-/inflight-1.0.6.tgz#49bd6331d7d02d0c09bc910a1075ba8165b56df9"
    integrity sha512-k92I/b08q4wvFscXCLvqfsHCrjrF7yiXsQuIVvVE7N82W3+aqpzuUdBbfhWcy/FZR3/4IgflMgKLOsvPDrGCJA==
    dependencies:
      once "^1.3.0"
      wrappy "1"
  
  inherits@1:
    version "1.0.2"
    resolved "https://registry.yarnpkg.com/inherits/-/inherits-1.0.2.tgz#ca4309dadee6b54cc0b8d247e8d7c7a0975bdc9b"
    integrity sha512-Al67oatbRSo3RV5hRqIoln6Y5yMVbJSIn4jEJNL7VCImzq/kLr7vvb6sFRJXqr8rpHc/2kJOM+y0sPKN47VdzA==
  
  inherits@2, inherits@~2.0.0:
    version "2.0.4"
    resolved "https://registry.yarnpkg.com/inherits/-/inherits-2.0.4.tgz#0fa2c64f932917c3433a0ded55363aae37416b7c"
    integrity sha512-k/vGaX4/Yla3WzyMCvTQOXYeIHvqOKtnqBduzTHpzpQZzAskKMhZ2K+EnBiSM9zGSoIFeMpXKxa4dYeZIQqewQ==
  
  js-yaml@~2.0.5:
    version "2.0.5"
    resolved "https://registry.yarnpkg.com/js-yaml/-/js-yaml-2.0.5.tgz#a25ae6509999e97df278c6719da11bd0687743a8"
    integrity sha512-VEKcIksckDBUhg2JS874xVouiPkywVUh4yyUmLCDe1Zg3bCd6M+F1eGPenPeHLc2XC8pp9G8bsuofK0NeEqRkA==
    dependencies:
      argparse "~ 0.1.11"
      esprima "~ 1.0.2"
  
  jsonfile@~1.1.0:
    version "1.1.1"
    resolved "https://registry.yarnpkg.com/jsonfile/-/jsonfile-1.1.1.tgz#da4fd6ad77f1a255203ea63c7bc32dc31ef64433"
    integrity sha512-yrmo536TrJWDHNYlkCjtkPSqNnAkt6u1k89O5Xxr53zc4DkdikTHE+Fx6VF7syJd18xsdo24U4csedAkhLgxVQ==
  
  lodash@2.4.1:
    version "2.4.1"
    resolved "https://registry.yarnpkg.com/lodash/-/lodash-2.4.1.tgz#5b7723034dda4d262e5a46fb2c58d7cc22f71420"
    integrity sha512-qa6QqjA9jJB4AYw+NpD2GI4dzHL6Mv0hL+By6iIul4Ce0C1refrjZJmcGvWdnLUwl4LIPtvzje3UQfGH+nCEsQ==
  
  lodash@>=1.3:
    version "4.17.21"
    resolved "https://registry.yarnpkg.com/lodash/-/lodash-4.17.21.tgz#679591c564c3bffaae8454cf0b3df370c3d6911c"
    integrity sha512-v2kDEe57lecTulaDIuNTPy3Ry4gLGJ6Z1O3vE1krgXZNrsQ+LFTGHVxVjcXPs17LhbZVGedAJv8XZ1tvj5FvSg==
  
  lodash@~0.9.2:
    version "0.9.2"
    resolved "https://registry.yarnpkg.com/lodash/-/lodash-0.9.2.tgz#8f3499c5245d346d682e5b0d3b40767e09f1a92c"
    integrity sha512-LVbt/rjK62gSbhehDVKL0vlaime4Y1IBixL+bKeNfoY4L2zab/jGrxU6Ka05tMA/zBxkTk5t3ivtphdyYupczw==
  
  lodash@~1.0.1:
    version "1.0.2"
    resolved "https://registry.yarnpkg.com/lodash/-/lodash-1.0.2.tgz#8f57560c83b59fc270bd3d561b690043430e2551"
    integrity sha512-0VSEDVec/Me2eATuoiQd8IjyBMMX0fahob8YJ96V1go2RjvCk1m1GxmtfXn8RNSaLaTtop7fsuhhu9oLk3hUgA==
  
  lodash@~2.4.1:
    version "2.4.2"
    resolved "https://registry.yarnpkg.com/lodash/-/lodash-2.4.2.tgz#fadd834b9683073da179b3eae6d9c0d15053f73e"
    integrity sha512-Kak1hi6/hYHGVPmdyiZijoQyz5x2iGVzs6w9GYB/HiXEtylY7tIoYEROMjvM1d9nXJqPOrG2MNPMn01bJ+S0Rw==
  
  lru-cache@2:
    version "2.7.3"
    resolved "https://registry.yarnpkg.com/lru-cache/-/lru-cache-2.7.3.tgz#6d4524e8b955f95d4f5b58851ce21dd72fb4e952"
    integrity sha512-WpibWJ60c3AgAz8a2iYErDrcT2C7OmKnsWhIcHOjkUHFjkXncJhtLxNSqUmxRxRunpb5I8Vprd7aNSd2NtksJQ==
  
  lunr@0.5.2:
    version "0.5.2"
    resolved "https://registry.yarnpkg.com/lunr/-/lunr-0.5.2.tgz#96b1cf1677a60fdbcea548ca4ec185a87fdf600c"
    integrity sha512-jN440eShO7nq5MBP94ZI7w/BEqTymwQUW8aDUVodWQp/zL7SWpgQ/tz5UyYCKChw+qPMsARlZVo9e2hRrtsQlw==
  
  marked-text-renderer@0.0.1:
    version "0.0.1"
    resolved "https://registry.yarnpkg.com/marked-text-renderer/-/marked-text-renderer-0.0.1.tgz#fce634cb56d5908e675b5d24415f9aa7b3132c50"
    integrity sha512-wH3bwY+1xIzwLy40KLuedliY6JtIPBrsfH7+jMEPAvzyqwH0zLeEAQu18lYOArBVJi4K5NXH3zQ+hYoMIRuYfw==
  
  marked@0.3.2:
    version "0.3.2"
    resolved "https://registry.yarnpkg.com/marked/-/marked-0.3.2.tgz#015db158864438f24a64bdd61a0428b418706d09"
    integrity sha512-Wvq6b3iV2F03cdF0FdXNNQSGAWAcrSW/RjHeMWyHr/zR8MWtmTKNEkgA8VfPdpu8EiGuFgxCPgVxJgBZoPCpAQ==
  
  mime@1.2.x, mime@~1.2, mime@~1.2.9:
    version "1.2.11"
    resolved "https://registry.yarnpkg.com/mime/-/mime-1.2.11.tgz#58203eed86e3a5ef17aed2b7d9ebd47f0a60dd10"
    integrity sha512-Ysa2F/nqTNGHhhm9MV8ure4+Hc+Y8AWiqUdHxsO7xu8zc92ND9f3kpALHjaP026Ft17UfxrMt95c50PLUeynBw==
  
  mimeparse@~0.1.4:
    version "0.1.4"
    resolved "https://registry.yarnpkg.com/mimeparse/-/mimeparse-0.1.4.tgz#dafb02752370fd226093ae3152c271af01ac254a"
    integrity sha512-jiuAsJJY4c0oF97oHKic9nva2y1QF2yhYJG3LXLys//f8SNQ89eFuGZ29z62Z29CAY4endJS6zFiKUtURFErog==
  
  minimatch@0.3:
    version "0.3.0"
    resolved "https://registry.yarnpkg.com/minimatch/-/minimatch-0.3.0.tgz#275d8edaac4f1bb3326472089e7949c8394699dd"
    integrity sha512-WFX1jI1AaxNTZVOHLBVazwTWKaQjoykSzCBNXB72vDTCzopQGtyP91tKdFK5cv1+qMwPyiTu1HqUriqplI8pcA==
    dependencies:
      lru-cache "2"
      sigmund "~1.0.0"
  
  minimatch@^3.1.1:
    version "3.1.2"
    resolved "https://registry.yarnpkg.com/minimatch/-/minimatch-3.1.2.tgz#19cd194bfd3e428f049a70817c038d89ab4be35b"
    integrity sha512-J7p63hRiAjw1NDEww1W7i37+ByIrOWO5XQQAzZ3VOcL0PNybwpfmV/N05zFAzwQ9USyEcX6t3UO+K5aqBQOIHw==
    dependencies:
      brace-expansion "^1.1.7"
  
  minimatch@~0.2.0, minimatch@~0.2.11, minimatch@~0.2.12:
    version "0.2.14"
    resolved "https://registry.yarnpkg.com/minimatch/-/minimatch-0.2.14.tgz#c74e780574f63c6f9a090e90efbe6ef53a6a756a"
    integrity sha512-zZ+Jy8lVWlvqqeM8iZB7w7KmQkoJn8djM585z88rywrEbzoqawVa9FR5p2hwD+y74nfuKOjmNvi9gtWJNLqHvA==
    dependencies:
      lru-cache "2"
      sigmund "~1.0.0"
  
  minimist@^1.2.6:
    version "1.2.7"
    resolved "https://registry.yarnpkg.com/minimist/-/minimist-1.2.7.tgz#daa1c4d91f507390437c6a8bc01078e7000c4d18"
    integrity sha512-bzfL1YUZsP41gmu/qjrEk0Q6i2ix/cVeAhbCbqH9u3zYutS1cLg00qhrD0M2MVdCcx4Sc0UpP2eBWo9rotpq6g==
  
  minimist@~0.0.1:
    version "0.0.10"
    resolved "https://registry.yarnpkg.com/minimist/-/minimist-0.0.10.tgz#de3f98543dbf96082be48ad1a0c7cda836301dcf"
    integrity sha512-iotkTvxc+TwOm5Ieim8VnSNvCDjCK9S8G3scJ50ZthspSxa7jx50jkhYduuAtAjvfDUwSgOwf8+If99AlOEhyw==
  
  mkdirp@0.0.x:
    version "0.0.7"
    resolved "https://registry.yarnpkg.com/mkdirp/-/mkdirp-0.0.7.tgz#d89b4f0e4c3e5e5ca54235931675e094fe1a5072"
    integrity sha512-r4Ml2CH2Kl4B0+Lwq1SVru0vjMxdtR+UEb938WTQcsnU+EJz8dUV/HY0LTZh466nUSljia9cvqW3LZLWs3l8LQ==
  
  mkdirp@0.3.x:
    version "0.3.5"
    resolved "https://registry.yarnpkg.com/mkdirp/-/mkdirp-0.3.5.tgz#de3e5f8961c88c787ee1368df849ac4413eca8d7"
    integrity sha512-8OCq0De/h9ZxseqzCH8Kw/Filf5pF/vMI6+BH7Lu0jXz2pqYCjTAQRolSxRIi+Ax+oCCjlxoJMP0YQ4XlrQNHg==
  
  mkdirp@0.5:
    version "0.5.6"
    resolved "https://registry.yarnpkg.com/mkdirp/-/mkdirp-0.5.6.tgz#7def03d2432dcae4ba1d611445c48396062255f6"
    integrity sha512-FP+p8RB8OWpF3YZBCrP5gtADmtXApB5AMLn+vdyA+PyxCjrCs00mjyUozssO33cwDeT3wNGdLxJ5M//YqtHAJw==
    dependencies:
      minimist "^1.2.6"
  
  ms@2.1.2:
    version "2.1.2"
    resolved "https://registry.yarnpkg.com/ms/-/ms-2.1.2.tgz#d09d1f357b443f493382a8eb3ccd183872ae6009"
    integrity sha512-sGkPx+VjMtmA6MX27oA4FBFELFCZZ4S4XqeGOXCv68tT+jb3vk/RyaKWP0PTKyWtmLSM0b+adUTEvbs1PEaH2w==
  
  natives@^1.1.3:
    version "1.1.6"
    resolved "https://registry.yarnpkg.com/natives/-/natives-1.1.6.tgz#a603b4a498ab77173612b9ea1acdec4d980f00bb"
    integrity sha512-6+TDFewD4yxY14ptjKaS63GVdtKiES1pTPyxn9Jb0rBqPMZ7VcCiooEhPNsr+mqHtMGxa/5c/HhcC4uPEUw/nA==
  
  ncp@~0.4.2:
    version "0.4.2"
    resolved "https://registry.yarnpkg.com/ncp/-/ncp-0.4.2.tgz#abcc6cbd3ec2ed2a729ff6e7c1fa8f01784a8574"
    integrity sha512-PfGU8jYWdRl4FqJfCy0IzbkGyFHntfWygZg46nFk/dJD/XRrk2cj0SsKSX9n5u5gE0E0YfEpKWrEkfjnlZSTXA==
  
  nopt@~1.0.10:
    version "1.0.10"
    resolved "https://registry.yarnpkg.com/nopt/-/nopt-1.0.10.tgz#6ddd21bd2a31417b92727dd585f8a6f37608ebee"
    integrity sha512-NWmpvLSqUrgrAC9HCuxEvb+PSloHpqVu+FqcO4eeF2h5qYRhA7ev6KvelyQAKtegUbC6RypJnlEOhd8vloNKYg==
    dependencies:
      abbrev "1"
  
  once@^1.3.0:
    version "1.4.0"
    resolved "https://registry.yarnpkg.com/once/-/once-1.4.0.tgz#583b1aa775961d4b113ac17d9c50baef9dd76bd1"
    integrity sha512-lNaJgI+2Q5URQBkccEKHTQOPaXdUxnZZElQTZY0MFUAuaEqe1E+Nyvgdz/aIyNi6Z9MzO5dv1H8n58/GELp3+w==
    dependencies:
      wrappy "1"
  
  opener@~1.3.0:
    version "1.3.0"
    resolved "https://registry.yarnpkg.com/opener/-/opener-1.3.0.tgz#130ba662213fa842edb4cd0361d31a15301a43e2"
    integrity sha512-sBqelaOnn8SA+zefIj/VMXgIACr6URhyysMn2DEx2fTcbmyDbPf8wWs5rPgoR2SVRBk1oNYl8YE7LwV84FCJCg==
  
  optimist@0.5.x:
    version "0.5.2"
    resolved "https://registry.yarnpkg.com/optimist/-/optimist-0.5.2.tgz#85c8c1454b3315e4a78947e857b1df033450bfbc"
    integrity sha512-r9M8ZpnM9SXV5Wii7TCqienfcaY3tAiJe9Jchof87icbmbruKgK0xKXngmrnowTDnEawmmI1Qbha59JEoBkBGA==
    dependencies:
      wordwrap "~0.0.2"
  
  optimist@~0.3.5:
    version "0.3.7"
    resolved "https://registry.yarnpkg.com/optimist/-/optimist-0.3.7.tgz#c90941ad59e4273328923074d2cf2e7cbc6ec0d9"
    integrity sha512-TCx0dXQzVtSCg2OgY/bO9hjM9cV4XYx09TVK+s3+FhkjT6LovsLe+pPMzpWf+6yXK/hUizs2gUoTw3jHM0VaTQ==
    dependencies:
      wordwrap "~0.0.2"
  
  optimist@~0.6:
    version "0.6.1"
    resolved "https://registry.yarnpkg.com/optimist/-/optimist-0.6.1.tgz#da3ea74686fa21a19a111c326e90eb15a0196686"
    integrity sha512-snN4O4TkigujZphWLN0E//nQmm7790RYaE53DdL7ZYwee2D8DDo9/EyYiKUfN3rneWUjhJnueija3G9I2i0h3g==
    dependencies:
      minimist "~0.0.1"
      wordwrap "~0.0.2"
  
  path-is-absolute@^1.0.0:
    version "1.0.1"
    resolved "https://registry.yarnpkg.com/path-is-absolute/-/path-is-absolute-1.0.1.tgz#174b9268735534ffbc7ace6bf53a5a9e1b5c5f5f"
    integrity sha512-AVbw3UJ2e9bq64vSaS9Am0fje1Pa8pbGqTTsmXfaIiMpnr5DlDhfJOuLj9Sf95ZPVDAUerDfEk88MPmPe7UCQg==
  
  pkginfo@0.2.x:
    version "0.2.3"
    resolved "https://registry.yarnpkg.com/pkginfo/-/pkginfo-0.2.3.tgz#7239c42a5ef6c30b8f328439d9b9ff71042490f8"
    integrity sha512-7W7wTrE/NsY8xv/DTGjwNIyNah81EQH0MWcTzrHL6pOpMocOGZc0Mbdz9aXxSrp+U0mSmkU8jrNCDCfUs3sOBg==
  
  portfinder@0.2.x:
    version "0.2.1"
    resolved "https://registry.yarnpkg.com/portfinder/-/portfinder-0.2.1.tgz#b2b9b0164f9e17fa3a9c7db2304d0a75140c71ad"
    integrity sha512-U7dHe7mfMMP5cIwbqBHh/likunxAEiBsQLiThUWjyeRK6/C3um2uk+VGiekUW8q3h+s793gdNfagCM3aaXMeOg==
    dependencies:
      mkdirp "0.0.x"
  
  q-io@1.6.5:
    version "1.6.5"
    resolved "https://registry.yarnpkg.com/q-io/-/q-io-1.6.5.tgz#335bb9b93cf7fc9337c0ec15fa2d21a65860195a"
    integrity sha512-JxK4qNvcIEB9uwYuTnreznlHyIxzODGnxVr2of5+XyW/ZpL/zx7bpuc+nj6SA3aOOYP+kAxnyZjNBg5KLPqDiA==
    dependencies:
      collections "~0.1.3"
      mime "~1.2"
      mimeparse "~0.1.4"
      q "~0.9.1"
      qs "~0.1.0"
      url2 "~0.0.0"
  
  q@0.9.3:
    version "0.9.3"
    resolved "https://registry.yarnpkg.com/q/-/q-0.9.3.tgz#404eabbad0d031ed35fcb53f7c5bc06283b4e74c"
    integrity sha512-zmjv1HSeKn3W+zYfnRwGqokOtCOG/fR+pAbYfafDl5/M8Z+uwmKopfGTtf2qfHj2N843lU+qdl3RLX6MdJpQpg==
  
  q@1.0.1:
    version "1.0.1"
    resolved "https://registry.yarnpkg.com/q/-/q-1.0.1.tgz#11872aeedee89268110b10a718448ffb10112a14"
    integrity sha512-18MnBaCeBX9sLRUdtxz/6onlb7wLzFxCylklyO8n27y5JxJYaGLPu4ccyc5zih58SpEzY8QmfwaWqguqXU6Y+A==
  
  q@~0.9.1:
    version "0.9.7"
    resolved "https://registry.yarnpkg.com/q/-/q-0.9.7.tgz#4de2e6cb3b29088c9e4cbc03bf9d42fb96ce2f75"
    integrity sha512-ijt0LhxWClXBtc1RCt8H0WhlZLAdVX26nWbpsJy+Hblmp81d2F/pFsvlrJhJDDruFHM+ECtxP0H0HzGSrARkwg==
  
  qs@0.5.x:
    version "0.5.6"
    resolved "https://registry.yarnpkg.com/qs/-/qs-0.5.6.tgz#31b1ad058567651c526921506b9a8793911a0384"
    integrity sha512-KbOrQrP5Ye+0gmq+hwxoJwAFRwExACWqwxj1IDFFgqOw9Poxy3wwSbafd9ZqP6T6ykMfnxM573kt/a4i9ybatQ==
  
  qs@~0.1.0:
    version "0.1.0"
    resolved "https://registry.yarnpkg.com/qs/-/qs-0.1.0.tgz#9a0d2d70d01f63d3401ea4b050822601b462ee6b"
    integrity sha512-ToZQFywckFeLEvpo5Ofy2AwXb1ywEUhZlRdN3OyZZN8262BkPPiX8dlp5YIfeV50PkrEkkXjGTN6VNLMChGUyg==
  
  range-parser@~1.0.0:
    version "1.0.3"
    resolved "https://registry.yarnpkg.com/range-parser/-/range-parser-1.0.3.tgz#6872823535c692e2c2a0103826afd82c2e0ff175"
    integrity sha512-nDsRrtIxVUO5opg/A8T2S3ebULVIfuh8ECbh4w3N4mWxIiT3QILDJDUQayPqm2e8Q8NUa0RSUkGCfe33AfjR3Q==
  
  resolve@0.6.3:
    version "0.6.3"
    resolved "https://registry.yarnpkg.com/resolve/-/resolve-0.6.3.tgz#dd957982e7e736debdf53b58a4dd91754575dd46"
    integrity sha512-UHBY3viPlJKf85YijDUcikKX6tmF4SokIDp518ZDVT92JNDcG5uKIthaT/owt3Sar0lwtOafsQuwrg22/v2Dwg==
  
  rimraf@2:
    version "2.7.1"
    resolved "https://registry.yarnpkg.com/rimraf/-/rimraf-2.7.1.tgz#35797f13a7fdadc566142c29d4f07ccad483e3ec"
    integrity sha512-uWjbaKIK3T1OSVptzX7Nl6PvQ3qAGtKEtVRjRuazjfL3Bx5eI409VZSqgND+4UNnmzLVdPj9FqFJNPqBZFve4w==
    dependencies:
      glob "^7.1.3"
  
  rimraf@~2.2.0, rimraf@~2.2.1, rimraf@~2.2.8:
    version "2.2.8"
    resolved "https://registry.yarnpkg.com/rimraf/-/rimraf-2.2.8.tgz#e439be2aaee327321952730f99a8929e4fc50582"
    integrity sha512-R5KMKHnPAQaZMqLOsyuyUmcIjSeDm+73eoqQpaXA7AZ22BL+6C+1mcUscgOsNd8WVlJuvlgAPsegcx7pjlV0Dg==
  
  semver@2.2.1:
    version "2.2.1"
    resolved "https://registry.yarnpkg.com/semver/-/semver-2.2.1.tgz#7941182b3ffcc580bff1c17942acdf7951c0d213"
    integrity sha512-zM5SE887Z8Ixx9cGaFnu9Wd8xr0RFwixASZcvUh2QGnf/1uxYmyetDzhzkEdDKipmZPq/JTB0gLo1Sg59LXkQQ==
  
  send@0.2.0:
    version "0.2.0"
    resolved "https://registry.yarnpkg.com/send/-/send-0.2.0.tgz#067abf45cff8bffb29cbdb7439725b32388a2c58"
    integrity sha512-CR/kej5a8BChsMJwpmAtqOgdGI3nemoRaPcoXj/choHibvaOfkYcohcAbd9aEG8MhL9CfRH3KlUb+oHZsdNmTg==
    dependencies:
      debug "*"
      fresh "~0.2.1"
      mime "~1.2.9"
      range-parser "~1.0.0"
  
  sigmund@~1.0.0:
    version "1.0.1"
    resolved "https://registry.yarnpkg.com/sigmund/-/sigmund-1.0.1.tgz#3ff21f198cad2175f9f3b781853fd94d0d19b590"
    integrity sha512-fCvEXfh6NWpm+YSuY2bpXb/VIihqWA6hLsgboC+0nl71Q7N7o2eaCW8mJa/NLvQhs6jpd3VZV4UiUQlV6+lc8g==
  
  source-map@0.1.34:
    version "0.1.34"
    resolved "https://registry.yarnpkg.com/source-map/-/source-map-0.1.34.tgz#a7cfe89aec7b1682c3b198d0acfb47d7d090566b"
    integrity sha512-yfCwDj0vR9RTwt3pEzglgb3ZgmcXHt6DjG3bjJvzPwTL+5zDQ2MhmSzAcTy0GTiQuCiriSWXvWM1/NhKdXuoQA==
    dependencies:
      amdefine ">=0.0.4"
  
  swig@1.3.2:
    version "1.3.2"
    resolved "https://registry.yarnpkg.com/swig/-/swig-1.3.2.tgz#1acae82a1ffb4d02c6e84d0a9479e66f61af6a87"
    integrity sha512-ZvKMb68DxA0SOHGdamqMSbADNWx1jWwfJUdqGWwqOOQe0/qqBD6WKtzvumVT8b8CtXawxhutkWCg6B2YQDjFCQ==
    dependencies:
      optimist "~0.6"
      uglify-js "~2.4"
  
  tmp@0.0.23:
    version "0.0.23"
    resolved "https://registry.yarnpkg.com/tmp/-/tmp-0.0.23.tgz#de874aa5e974a85f0a32cdfdbd74663cb3bd9c74"
    integrity sha512-zR0TtNGw3OoChmmzHNnMVh6LRY7fCkxXnHOEI9/CZE5zn6TzZbyMknZdmQZzD0EhcQVT/9rZHeg1KqiqfAC5jw==
  
  uglify-js@~2.4:
    version "2.4.24"
    resolved "https://registry.yarnpkg.com/uglify-js/-/uglify-js-2.4.24.tgz#fad5755c1e1577658bb06ff9ab6e548c95bebd6e"
    integrity sha512-tktIjwackfZLd893KGJmXc1hrRHH1vH9Po3xFh1XBjjeGAnN02xJ3SuoA+n1L29/ZaCA18KzCFlckS+vfPugiA==
    dependencies:
      async "~0.2.6"
      source-map "0.1.34"
      uglify-to-browserify "~1.0.0"
      yargs "~3.5.4"
  
  uglify-to-browserify@~1.0.0:
    version "1.0.2"
    resolved "https://registry.yarnpkg.com/uglify-to-browserify/-/uglify-to-browserify-1.0.2.tgz#6e0924d6bda6b5afe349e39a6d632850a0f882b7"
    integrity sha512-vb2s1lYx2xBtUgy+ta+b2J/GLVUR+wmpINwHePmPRhOsIVCG2wDzKJ0n14GslH1BifsqVzSOwQhRaCAsZ/nI4Q==
  
  underscore.string@~2.2.1:
    version "2.2.1"
    resolved "https://registry.yarnpkg.com/underscore.string/-/underscore.string-2.2.1.tgz#d7c0fa2af5d5a1a67f4253daee98132e733f0f19"
    integrity sha512-3FVmhXqelrj6gfgp3Bn6tOavJvW0dNH2T+heTD38JRxIrAbiuzbqjknszoOYj3DyFB1nWiLj208Qt2no/L4cIA==
  
  underscore.string@~2.3.3:
    version "2.3.3"
    resolved "https://registry.yarnpkg.com/underscore.string/-/underscore.string-2.3.3.tgz#71c08bf6b428b1133f37e78fa3a21c82f7329b0d"
    integrity sha512-hbD5MibthuDAu4yA5wxes5bzFgqd3PpBJuClbRxaNddxfdsz+qf+1kHwrGQFrmchmDHb9iNU+6EHDn8uj0xDJg==
  
  underscore.string@~2.4.0:
    version "2.4.0"
    resolved "https://registry.yarnpkg.com/underscore.string/-/underscore.string-2.4.0.tgz#8cdd8fbac4e2d2ea1e7e2e8097c42f442280f85b"
    integrity sha512-yxkabuCaIBnzfIvX3kBxQqCs0ar/bfJwDnFEHJUm/ZrRVhT3IItdRF5cZjARLzEnyQYtIUhsZ2LG2j3HidFOFQ==
  
  underscore@~1.7.0:
    version "1.7.0"
    resolved "https://registry.yarnpkg.com/underscore/-/underscore-1.7.0.tgz#6bbaf0877500d36be34ecaa584e0db9fef035209"
    integrity sha512-cp0oQQyZhUM1kpJDLdGO1jPZHgS/MpzoWYfe9+CM2h/QGDZlqwT2T3YGukuBdaNJ/CAPoeyAZRRHz8JFo176vA==
  
  union@0.3.x:
    version "0.3.8"
    resolved "https://registry.yarnpkg.com/union/-/union-0.3.8.tgz#26a702a4d3528b4358c9711c8abff6cc91d24257"
    integrity sha512-0rE7P7EEOPZabwOGltjAFItQKHFx8pYfkamn3Se7KVdufcuwq6HwvVyVRqAVT/bfhwvJdb8Fs8HoXaL+IHCiWw==
    dependencies:
      pkginfo "0.2.x"
      qs "0.5.x"
  
  url2@~0.0.0:
    version "0.0.0"
    resolved "https://registry.yarnpkg.com/url2/-/url2-0.0.0.tgz#4eaabd1d5c3ac90d62ab4485c998422865a04b1a"
    integrity sha512-gb/XT1m2mnWOIbQwa5V9Dq2O07fkZbtu1K0WAAKuaNSX0c8psp2jovJTbbvPKCpimutdoK9jXOejDCtvQOoKOA==
  
  weak-map@1.0.0:
    version "1.0.0"
    resolved "https://registry.yarnpkg.com/weak-map/-/weak-map-1.0.0.tgz#b66e56a9df0bd25a76bbf1b514db129080614a37"
    integrity sha512-Vb13TbgdvUEmzBA5mpsMqtPqcZGJPE2gj+b8wzxsevC7WkmL3c7YZg9H0pV1Jo8C1Sa1ykk3DU08hFRGLNWvLQ==
  
  which@~1.0.5:
    version "1.0.9"
    resolved "https://registry.yarnpkg.com/which/-/which-1.0.9.tgz#460c1da0f810103d0321a9b633af9e575e64486f"
    integrity sha512-E87fdQ/eRJr9W1X4wTPejNy9zTW3FI2vpCZSJ/HAY+TkjKVC0TUm1jk6vn2Z7qay0DQy0+RBGdXxj+RmmiGZKQ==
  
  window-size@0.1.0:
    version "0.1.0"
    resolved "https://registry.yarnpkg.com/window-size/-/window-size-0.1.0.tgz#5438cd2ea93b202efa3a19fe8887aee7c94f9c9d"
    integrity sha512-1pTPQDKTdd61ozlKGNCjhNRd+KPmgLSGa3mZTHoOliaGcESD8G1PXhh7c1fgiPjVbNVfgy2Faw4BI8/m0cC8Mg==
  
  wordwrap@0.0.2:
    version "0.0.2"
    resolved "https://registry.yarnpkg.com/wordwrap/-/wordwrap-0.0.2.tgz#b79669bb42ecb409f83d583cad52ca17eaa1643f"
    integrity sha512-xSBsCeh+g+dinoBv3GAOWM4LcVVO68wLXRanibtBSdUvkGWQRGeE9P7IwU9EmDDi4jA6L44lz15CGMwdw9N5+Q==
  
  wordwrap@~0.0.2:
    version "0.0.3"
    resolved "https://registry.yarnpkg.com/wordwrap/-/wordwrap-0.0.3.tgz#a3d5da6cd5c0bc0008d37234bbaf1bed63059107"
    integrity sha512-1tMA907+V4QmxV7dbRvb4/8MaRALK6q9Abid3ndMYnbyo8piisCmeONVqVSXqQA3KaP4SLt5b7ud6E2sqP8TFw==
  
  wrappy@1:
    version "1.0.2"
    resolved "https://registry.yarnpkg.com/wrappy/-/wrappy-1.0.2.tgz#b5243d8f3ec1aa35f1364605bc0d1036e30ab69f"
    integrity sha512-l4Sp/DRseor9wL6EvV2+TuQn63dMkPjZ/sp9XkghTEbV9KlPS1xUsZ3u7/IQO4wxtcFB4bgpQPRcR3QCvezPcQ==
  
  wrench@1.5.1:
    version "1.5.1"
    resolved "https://registry.yarnpkg.com/wrench/-/wrench-1.5.1.tgz#3f7a519b0e409338723bb039b209a541176baa42"
    integrity sha512-Q59sen3tsxqNQIWgrOwDtUo/4P/BcclDh2UyqzTVC2BqjvJutip3YaHgQxujOY7t8MFEQB3FZED2GorOXlnZ/Q==
  
  yargs@~3.5.4:
    version "3.5.4"
    resolved "https://registry.yarnpkg.com/yargs/-/yargs-3.5.4.tgz#d8aff8f665e94c34bd259bdebd1bfaf0ddd35361"
    integrity sha512-5j382E4xQSs71p/xZQsU1PtRA2HXPAjX0E0DkoGLxwNASMOKX6A9doV1NrZmj85u2Pjquz402qonBzz/yLPbPA==
    dependencies:
      camelcase "^1.0.2"
      decamelize "^1.0.0"
      window-size "0.1.0"
      wordwrap "0.0.2"
